D:\PROJECT\ANTIVIRUS\ANTIVIRUS\DEBUG\ANTIVIRUS.PCH
D:\PROJECT\ANTIVIRUS\ANTIVIRUS\DEBUG\STDAFX.OBJ
D:\PROJECT\ANTIVIRUS\ANTIVIRUS\DEBUG\VC110.PDB
D:\PROJECT\ANTIVIRUS\ANTIVIRUS\DEBUG\ANTIVIRUS.OBJ
D:\PROJECT\ANTIVIRUS\ANTIVIRUS\DEBUG\ANTIVIRUSDLG.OBJ
D:\PROJECT\ANTIVIRUS2\ANTIVIRUS\DEBUG\ANTIVIRUS.PCH
D:\PROJECT\ANTIVIRUS2\ANTIVIRUS\DEBUG\STDAFX.OBJ
D:\PROJECT\ANTIVIRUS2\ANTIVIRUS\DEBUG\VC110.PDB
D:\PROJECT\ANTIVIRUS2\ANTIVIRUS\DEBUG\ANTIVIRUS.OBJ
D:\PROJECT\ANTIVIRUS2\ANTIVIRUS\DEBUG\ANTIVIRUSDLG.OBJ
D:\PROJECT\ANTIVIRUS2\ANTIVIRUS\DEBUG\MANAGER.OBJ
D:\PROJECT\ANTIVIRUS\DEBUG\ANTIVIRUS.ILK
D:\PROJECT\ANTIVIRUS\DEBUG\ANTIVIRUS.EXE
D:\PROJECT\ANTIVIRUS\DEBUG\ANTIVIRUS.PDB
D:\PROJECT\ANTIVIRUS\ANTIVIRUS\DEBUG\ANTIVIRUS.RES
D:\PROJECT\ANTIVIRUS2\ANTIVIRUS\DEBUG\ANTIVIRUS.RES
D:\project\AntiVirus2\AntiVirus\Debug\AntiVirus.obj
D:\project\AntiVirus2\AntiVirus\Debug\AntiVirusDlg.obj
D:\project\AntiVirus2\AntiVirus\Debug\manager.obj
D:\project\AntiVirus2\AntiVirus\Debug\stdafx.obj
D:\project\AntiVirus2\AntiVirus\Debug\cl.command.1.tlog
D:\project\AntiVirus2\AntiVirus\Debug\CL.read.1.tlog
D:\project\AntiVirus2\AntiVirus\Debug\CL.write.1.tlog
D:\project\AntiVirus2\AntiVirus\Debug\link-cvtres.read.1.tlog
D:\project\AntiVirus2\AntiVirus\Debug\link-cvtres.write.1.tlog
D:\project\AntiVirus2\AntiVirus\Debug\link-mt.read.1.tlog
D:\project\AntiVirus2\AntiVirus\Debug\link-mt.write.1.tlog
D:\project\AntiVirus2\AntiVirus\Debug\link-rc.read.1.tlog
D:\project\AntiVirus2\AntiVirus\Debug\link-rc.write.1.tlog
D:\project\AntiVirus2\AntiVirus\Debug\link.10796-cvtres.read.1.tlog
D:\project\AntiVirus2\AntiVirus\Debug\link.10796-cvtres.write.1.tlog
D:\project\AntiVirus2\AntiVirus\Debug\link.10796-mt.read.1.tlog
D:\project\AntiVirus2\AntiVirus\Debug\link.10796-mt.write.1.tlog
D:\project\AntiVirus2\AntiVirus\Debug\link.10796-rc.read.1.tlog
D:\project\AntiVirus2\AntiVirus\Debug\link.10796-rc.write.1.tlog
D:\project\AntiVirus2\AntiVirus\Debug\link.10796.read.1.tlog
D:\project\AntiVirus2\AntiVirus\Debug\link.10796.write.1.tlog
D:\project\AntiVirus2\AntiVirus\Debug\link.4080-cvtres.read.1.tlog
D:\project\AntiVirus2\AntiVirus\Debug\link.4080-cvtres.write.1.tlog
D:\project\AntiVirus2\AntiVirus\Debug\link.4080-mt.read.1.tlog
D:\project\AntiVirus2\AntiVirus\Debug\link.4080-mt.write.1.tlog
D:\project\AntiVirus2\AntiVirus\Debug\link.4080-rc.read.1.tlog
D:\project\AntiVirus2\AntiVirus\Debug\link.4080-rc.write.1.tlog
D:\project\AntiVirus2\AntiVirus\Debug\link.4080.read.1.tlog
D:\project\AntiVirus2\AntiVirus\Debug\link.4080.write.1.tlog
D:\project\AntiVirus2\AntiVirus\Debug\link.9564-cvtres.read.1.tlog
D:\project\AntiVirus2\AntiVirus\Debug\link.9564-cvtres.write.1.tlog
D:\project\AntiVirus2\AntiVirus\Debug\link.9564-mt.read.1.tlog
D:\project\AntiVirus2\AntiVirus\Debug\link.9564-mt.write.1.tlog
D:\project\AntiVirus2\AntiVirus\Debug\link.9564-rc.read.1.tlog
D:\project\AntiVirus2\AntiVirus\Debug\link.9564-rc.write.1.tlog
D:\project\AntiVirus2\AntiVirus\Debug\link.9564.read.1.tlog
D:\project\AntiVirus2\AntiVirus\Debug\link.9564.write.1.tlog
D:\project\AntiVirus2\AntiVirus\Debug\link.command.1.tlog
D:\project\AntiVirus2\AntiVirus\Debug\link.read.1.tlog
D:\project\AntiVirus2\AntiVirus\Debug\link.write.1.tlog
D:\project\AntiVirus2\AntiVirus\Debug\rc.command.1.tlog
D:\project\AntiVirus2\AntiVirus\Debug\rc.read.1.tlog
D:\project\AntiVirus2\AntiVirus\Debug\rc.write.1.tlog
D:\project\AntiVirus2\AntiVirus\Debug\AntiVirus.res
D:\project\AntiVirus2\AntiVirus\Debug\AntiVirus.pch
D:\project\AntiVirus2\AntiVirus\Debug\vc110.idb
D:\project\AntiVirus2\AntiVirus\Debug\vc110.pdb
D:\project\AntiVirus2\Debug\AntiVirus.pdb
